2019-03-07 09:51:29 DEBUG ClassPathXmlApplicationContext:594 - Refreshing org.springframework.context.support.ClassPathXmlApplicationContext@8102c8
2019-03-07 09:51:29 DEBUG XmlBeanDefinitionReader:395 - Loaded 5 bean definitions from class path resource [spring.xml]
2019-03-07 09:51:29 DEBUG DefaultListableBeanFactory:213 - Creating shared instance of singleton bean 'org.springframework.aop.config.internalAutoProxyCreator'
2019-03-07 09:51:29 DEBUG DefaultListableBeanFactory:213 - Creating shared instance of singleton bean 'hello'
2019-03-07 09:51:29 DEBUG DefaultListableBeanFactory:213 - Creating shared instance of singleton bean 'org.springframework.aop.aspectj.AspectJPointcutAdvisor#0'
2019-03-07 09:51:30 DEBUG DefaultListableBeanFactory:213 - Creating shared instance of singleton bean 'myBeforeAdvice'
2019-03-07 11:07:24 DEBUG ClassPathXmlApplicationContext:594 - Refreshing org.springframework.context.support.ClassPathXmlApplicationContext@8102c8
2019-03-07 11:07:24 DEBUG XmlBeanDefinitionReader:395 - Loaded 5 bean definitions from class path resource [spring.xml]
2019-03-07 11:07:24 DEBUG DefaultListableBeanFactory:213 - Creating shared instance of singleton bean 'org.springframework.aop.config.internalAutoProxyCreator'
2019-03-07 11:07:25 DEBUG DefaultListableBeanFactory:213 - Creating shared instance of singleton bean 'hello'
2019-03-07 11:07:25 DEBUG DefaultListableBeanFactory:213 - Creating shared instance of singleton bean 'org.springframework.aop.aspectj.AspectJPointcutAdvisor#0'
2019-03-07 11:07:25 DEBUG DefaultListableBeanFactory:213 - Creating shared instance of singleton bean 'myBeforeAdvice'
2019-03-07 11:07:25 DEBUG MyBeforeAdvice:16 - This is a before method by maoyue
2019-03-07 11:08:39 DEBUG ClassPathXmlApplicationContext:594 - Refreshing org.springframework.context.support.ClassPathXmlApplicationContext@8102c8
2019-03-07 11:08:40 DEBUG XmlBeanDefinitionReader:395 - Loaded 5 bean definitions from class path resource [spring.xml]
2019-03-07 11:08:40 DEBUG DefaultListableBeanFactory:213 - Creating shared instance of singleton bean 'org.springframework.aop.config.internalAutoProxyCreator'
2019-03-07 11:08:40 DEBUG DefaultListableBeanFactory:213 - Creating shared instance of singleton bean 'hello'
2019-03-07 11:08:40 DEBUG DefaultListableBeanFactory:213 - Creating shared instance of singleton bean 'org.springframework.aop.aspectj.AspectJPointcutAdvisor#0'
2019-03-07 11:08:41 DEBUG DefaultListableBeanFactory:213 - Creating shared instance of singleton bean 'myBeforeAdvice'
2019-03-07 11:08:41 DEBUG MyBeforeAdvice:16 - This is a before method by maoyue
2019-03-07 11:08:41  INFO MyBeforeAdvice:17 - This is a before method by 毛玥
